<?xml version="1.0" encoding="UTF-8"?>
<testng-results ignored="45" total="60" passed="15" failed="0" skipped="0">
  <reporter-output>
  </reporter-output>
  <suite started-at="2022-10-25T11:00:25 IST" name="Restassured suite" finished-at="2022-10-25T11:00:55 IST" duration-ms="30098">
    <groups>
      <group name="Background">
        <method signature="GetMethods.get_status()[pri:1, instance:com.rest.GetMethods@17497425]" name="get_status" class="com.rest.GetMethods"/>
        <method signature="GetMethods.get_ListOfProducts()[pri:2, instance:com.rest.GetMethods@17497425]" name="get_ListOfProducts" class="com.rest.GetMethods"/>
        <method signature="GetMethods.get_Product()[pri:3, instance:com.rest.GetMethods@17497425]" name="get_Product" class="com.rest.GetMethods"/>
        <method signature="PostMethods.register_newAPI_Client(java.lang.String,java.lang.String)[pri:4, instance:com.rest.PostMethods@729d991e]" name="register_newAPI_Client" class="com.rest.PostMethods"/>
        <method signature="GetMethods.get_ListOfProducts()[pri:2, instance:com.rest.GetMethods@60bd273d]" name="get_ListOfProducts" class="com.rest.GetMethods"/>
        <method signature="GetMethods.get_ListOfProducts()[pri:2, instance:com.rest.GetMethods@52719fb6]" name="get_ListOfProducts" class="com.rest.GetMethods"/>
      </group> <!-- Background -->
      <group name="CreateOrder">
        <method signature="GetMethods.get_Orders_First()[pri:1, instance:com.rest.GetMethods@18df8434]" name="get_Orders_First" class="com.rest.GetMethods"/>
        <method signature="PostMethods.create_new_order(java.lang.String)[pri:2, instance:com.rest.PostMethods@65c7a252]" name="create_new_order" class="com.rest.PostMethods"/>
        <method signature="GetMethods.get_Orders_After_ItemAdded(java.lang.String,boolean)[pri:3, instance:com.rest.GetMethods@18df8434]" name="get_Orders_After_ItemAdded" class="com.rest.GetMethods"/>
      </group> <!-- CreateOrder -->
      <group name="AddCart">
        <method signature="GetMethods.get_ListOfProducts()[pri:2, instance:com.rest.GetMethods@17497425]" name="get_ListOfProducts" class="com.rest.GetMethods"/>
        <method signature="PostMethods.create_cart()[pri:1, instance:com.rest.PostMethods@121314f7]" name="create_cart" class="com.rest.PostMethods"/>
        <method signature="GetMethods.get_ListOfProducts()[pri:2, instance:com.rest.GetMethods@60bd273d]" name="get_ListOfProducts" class="com.rest.GetMethods"/>
        <method signature="PostMethods.Add_ItemTo_cart()[pri:2, instance:com.rest.PostMethods@121314f7]" name="Add_ItemTo_cart" class="com.rest.PostMethods"/>
        <method signature="GetMethods.get_Cart_items()[pri:3, instance:com.rest.GetMethods@60bd273d]" name="get_Cart_items" class="com.rest.GetMethods"/>
        <method signature="GetMethods.get_Cart_using_CartID(int)[pri:4, instance:com.rest.GetMethods@60bd273d]" name="get_Cart_using_CartID" class="com.rest.GetMethods"/>
        <method signature="GetMethods.get_ListOfProducts()[pri:2, instance:com.rest.GetMethods@52719fb6]" name="get_ListOfProducts" class="com.rest.GetMethods"/>
      </group> <!-- AddCart -->
      <group name="ReplaceItem">
        <method signature="GetMethods.get_ListOfProducts()[pri:2, instance:com.rest.GetMethods@17497425]" name="get_ListOfProducts" class="com.rest.GetMethods"/>
        <method signature="GetMethods.get_ListOfProducts()[pri:2, instance:com.rest.GetMethods@60bd273d]" name="get_ListOfProducts" class="com.rest.GetMethods"/>
        <method signature="GetMethods.get_Product_Stock()[pri:0, instance:com.rest.GetMethods@52719fb6]" name="get_Product_Stock" class="com.rest.GetMethods"/>
        <method signature="GetMethods.get_ListOfProducts()[pri:2, instance:com.rest.GetMethods@52719fb6]" name="get_ListOfProducts" class="com.rest.GetMethods"/>
        <method signature="PostMethods.replace_item_inCart(int)[pri:0, instance:com.rest.PostMethods@3012646b]" name="replace_item_inCart" class="com.rest.PostMethods"/>
      </group> <!-- ReplaceItem -->
    </groups>
    <test started-at="2022-10-25T11:00:25 IST" name="Background_test" finished-at="2022-10-25T11:00:38 IST" duration-ms="12918">
      <class name="com.rest.GetMethods">
        <test-method signature="get_status()[pri:1, instance:com.rest.GetMethods@17497425]" started-at="2022-10-25T11:00:25 IST" name="get_status" finished-at="2022-10-25T11:00:33 IST" duration-ms="7547" status="PASS">
          <reporter-output>
          </reporter-output>
        </test-method> <!-- get_status -->
        <test-method signature="get_ListOfProducts()[pri:2, instance:com.rest.GetMethods@17497425]" started-at="2022-10-25T11:00:33 IST" name="get_ListOfProducts" finished-at="2022-10-25T11:00:35 IST" duration-ms="1932" status="PASS">
          <reporter-output>
          </reporter-output>
        </test-method> <!-- get_ListOfProducts -->
        <test-method signature="get_Product()[pri:3, instance:com.rest.GetMethods@17497425]" started-at="2022-10-25T11:00:35 IST" name="get_Product" finished-at="2022-10-25T11:00:37 IST" duration-ms="1610" status="PASS">
          <reporter-output>
          </reporter-output>
        </test-method> <!-- get_Product -->
      </class> <!-- com.rest.GetMethods -->
      <class name="com.rest.PostMethods">
        <test-method signature="register_newAPI_Client(java.lang.String,java.lang.String)[pri:4, instance:com.rest.PostMethods@729d991e]" started-at="2022-10-25T11:00:37 IST" name="register_newAPI_Client" finished-at="2022-10-25T11:00:38 IST" duration-ms="1626" status="PASS">
          <params>
            <param index="0">
              <value>
                <![CDATA[test27]]>
              </value>
            </param>
            <param index="1">
              <value>
                <![CDATA[test27@gmail.com]]>
              </value>
            </param>
          </params>
          <reporter-output>
          </reporter-output>
        </test-method> <!-- register_newAPI_Client -->
      </class> <!-- com.rest.PostMethods -->
    </test> <!-- Background_test -->
    <test started-at="2022-10-25T11:00:38 IST" name="Scenario1_test" finished-at="2022-10-25T11:00:46 IST" duration-ms="7733">
      <class name="com.rest.GetMethods">
        <test-method signature="get_ListOfProducts()[pri:2, instance:com.rest.GetMethods@60bd273d]" started-at="2022-10-25T11:00:38 IST" name="get_ListOfProducts" finished-at="2022-10-25T11:00:40 IST" duration-ms="1631" status="PASS">
          <reporter-output>
          </reporter-output>
        </test-method> <!-- get_ListOfProducts -->
        <test-method signature="get_Cart_items()[pri:3, instance:com.rest.GetMethods@60bd273d]" started-at="2022-10-25T11:00:43 IST" name="get_Cart_items" finished-at="2022-10-25T11:00:45 IST" depends-on-methods="com.rest.PostMethods.create_cart, com.rest.PostMethods.Add_ItemTo_cart" duration-ms="1428" status="PASS">
          <reporter-output>
          </reporter-output>
        </test-method> <!-- get_Cart_items -->
        <test-method signature="get_Cart_using_CartID(int)[pri:4, instance:com.rest.GetMethods@60bd273d]" started-at="2022-10-25T11:00:45 IST" name="get_Cart_using_CartID" finished-at="2022-10-25T11:00:46 IST" depends-on-methods="com.rest.PostMethods.create_cart, com.rest.PostMethods.Add_ItemTo_cart" duration-ms="1543" status="PASS">
          <params>
            <param index="0">
              <value>
                <![CDATA[1]]>
              </value>
            </param>
          </params>
          <reporter-output>
          </reporter-output>
        </test-method> <!-- get_Cart_using_CartID -->
      </class> <!-- com.rest.GetMethods -->
      <class name="com.rest.PostMethods">
        <test-method signature="create_cart()[pri:1, instance:com.rest.PostMethods@121314f7]" started-at="2022-10-25T11:00:40 IST" name="create_cart" finished-at="2022-10-25T11:00:41 IST" duration-ms="1475" status="PASS">
          <reporter-output>
          </reporter-output>
        </test-method> <!-- create_cart -->
        <test-method signature="Add_ItemTo_cart()[pri:2, instance:com.rest.PostMethods@121314f7]" started-at="2022-10-25T11:00:41 IST" name="Add_ItemTo_cart" finished-at="2022-10-25T11:00:43 IST" depends-on-methods="com.rest.GetMethods.get_ListOfProducts" duration-ms="1599" status="PASS">
          <reporter-output>
          </reporter-output>
        </test-method> <!-- Add_ItemTo_cart -->
      </class> <!-- com.rest.PostMethods -->
    </test> <!-- Scenario1_test -->
    <test started-at="2022-10-25T11:00:46 IST" name="Scenario2_test" finished-at="2022-10-25T11:00:51 IST" duration-ms="4703">
      <class name="com.rest.GetMethods">
        <test-method signature="get_Product_Stock()[pri:0, instance:com.rest.GetMethods@52719fb6]" started-at="2022-10-25T11:00:46 IST" name="get_Product_Stock" finished-at="2022-10-25T11:00:48 IST" duration-ms="1593" status="PASS">
          <reporter-output>
          </reporter-output>
        </test-method> <!-- get_Product_Stock -->
        <test-method signature="get_ListOfProducts()[pri:2, instance:com.rest.GetMethods@52719fb6]" started-at="2022-10-25T11:00:48 IST" name="get_ListOfProducts" finished-at="2022-10-25T11:00:49 IST" duration-ms="1627" status="PASS">
          <reporter-output>
          </reporter-output>
        </test-method> <!-- get_ListOfProducts -->
      </class> <!-- com.rest.GetMethods -->
      <class name="com.rest.PostMethods">
        <test-method signature="replace_item_inCart(int)[pri:0, instance:com.rest.PostMethods@3012646b]" started-at="2022-10-25T11:00:49 IST" name="replace_item_inCart" finished-at="2022-10-25T11:00:51 IST" depends-on-methods="com.rest.GetMethods.get_Product_Stock, com.rest.GetMethods.get_ListOfProducts" duration-ms="1462" status="PASS">
          <params>
            <param index="0">
              <value>
                <![CDATA[2]]>
              </value>
            </param>
          </params>
          <reporter-output>
          </reporter-output>
        </test-method> <!-- replace_item_inCart -->
      </class> <!-- com.rest.PostMethods -->
    </test> <!-- Scenario2_test -->
    <test started-at="2022-10-25T11:00:51 IST" name="Scenario3_test" finished-at="2022-10-25T11:00:55 IST" duration-ms="4560">
      <class name="com.rest.GetMethods">
        <test-method is-config="true" signature="loadProperties()[pri:0, instance:com.rest.GetMethods@18df8434]" started-at="2022-10-25T11:00:25 IST" name="loadProperties" finished-at="2022-10-25T11:00:25 IST" duration-ms="37" status="PASS">
          <reporter-output>
          </reporter-output>
        </test-method> <!-- loadProperties -->
        <test-method signature="get_Orders_First()[pri:1, instance:com.rest.GetMethods@18df8434]" started-at="2022-10-25T11:00:51 IST" name="get_Orders_First" finished-at="2022-10-25T11:00:52 IST" duration-ms="1379" status="PASS">
          <reporter-output>
          </reporter-output>
        </test-method> <!-- get_Orders_First -->
        <test-method signature="get_Orders_After_ItemAdded(java.lang.String,boolean)[pri:3, instance:com.rest.GetMethods@18df8434]" started-at="2022-10-25T11:00:54 IST" name="get_Orders_After_ItemAdded" finished-at="2022-10-25T11:00:55 IST" depends-on-methods="com.rest.PostMethods.create_new_order" duration-ms="1602" status="PASS">
          <params>
            <param index="0">
              <value>
                <![CDATA[test27]]>
              </value>
            </param>
            <param index="1">
              <value>
                <![CDATA[true]]>
              </value>
            </param>
          </params>
          <reporter-output>
          </reporter-output>
        </test-method> <!-- get_Orders_After_ItemAdded -->
      </class> <!-- com.rest.GetMethods -->
      <class name="com.rest.PostMethods">
        <test-method signature="create_new_order(java.lang.String)[pri:2, instance:com.rest.PostMethods@65c7a252]" started-at="2022-10-25T11:00:52 IST" name="create_new_order" finished-at="2022-10-25T11:00:54 IST" duration-ms="1567" status="PASS">
          <params>
            <param index="0">
              <value>
                <![CDATA[test27]]>
              </value>
            </param>
          </params>
          <reporter-output>
          </reporter-output>
        </test-method> <!-- create_new_order -->
      </class> <!-- com.rest.PostMethods -->
    </test> <!-- Scenario3_test -->
  </suite> <!-- Restassured suite -->
</testng-results>
