<?xml version="1.0" encoding="UTF-8"?>
<!-- Generated by org.testng.reporters.JUnitXMLReporter -->
<testsuite ignored="11" hostname="DESKTOP-FVH9OTV" failures="0" tests="4" name="Background_test" time="12.918" errors="0" timestamp="2022-10-25T11:00:38 IST">
  <testcase classname="com.rest.GetMethods" name="get_status" time="7.547"/>
  <testcase classname="com.rest.GetMethods" name="get_ListOfProducts" time="1.932"/>
  <testcase classname="com.rest.GetMethods" name="get_Product" time="1.61"/>
  <testcase classname="com.rest.PostMethods" name="register_newAPI_Client" time="1.626"/>
  <testcase classname="com.rest.GetMethods" name="get_Cart_items" time="0.0">
    <ignored/>
  </testcase> <!-- get_Cart_items -->
  <testcase classname="com.rest.PostMethods" name="replace_item_inCart" time="0.0">
    <ignored/>
  </testcase> <!-- replace_item_inCart -->
  <testcase classname="com.rest.GetMethods" name="get_Orders_After_ItemAdded" time="0.0">
    <ignored/>
  </testcase> <!-- get_Orders_After_ItemAdded -->
  <testcase classname="com.rest.GetMethods" name="get_Product_Stock" time="0.0">
    <ignored/>
  </testcase> <!-- get_Product_Stock -->
  <testcase classname="com.rest.PostMethods" name="create_new_order" time="0.0">
    <ignored/>
  </testcase> <!-- create_new_order -->
  <testcase classname="utils.AccessProperties" name="@BeforeSuite loadProperties" time="0.0">
    <ignored/>
  </testcase> <!-- @BeforeSuite loadProperties -->
  <testcase classname="com.rest.PostMethods" name="register_ExistingAPI_Client" time="0.0">
    <ignored/>
  </testcase> <!-- register_ExistingAPI_Client -->
  <testcase classname="com.rest.PostMethods" name="create_cart" time="0.0">
    <ignored/>
  </testcase> <!-- create_cart -->
  <testcase classname="com.rest.GetMethods" name="get_Cart_using_CartID" time="0.0">
    <ignored/>
  </testcase> <!-- get_Cart_using_CartID -->
  <testcase classname="com.rest.GetMethods" name="get_Orders_First" time="0.0">
    <ignored/>
  </testcase> <!-- get_Orders_First -->
  <testcase classname="com.rest.PostMethods" name="Add_ItemTo_cart" time="0.0">
    <ignored/>
  </testcase> <!-- Add_ItemTo_cart -->
</testsuite> <!-- Background_test -->
