<?xml version="1.0" encoding="UTF-8"?>
<!-- Generated by org.testng.reporters.JUnitXMLReporter -->
<testsuite ignored="10" hostname="DESKTOP-FVH9OTV" failures="0" tests="5" name="Scenario1_test" time="7.733" errors="0" timestamp="2022-10-25T11:00:46 IST">
  <testcase classname="com.rest.GetMethods" name="get_ListOfProducts" time="1.631"/>
  <testcase classname="com.rest.PostMethods" name="create_cart" time="1.475"/>
  <testcase classname="com.rest.PostMethods" name="Add_ItemTo_cart" time="1.599"/>
  <testcase classname="com.rest.GetMethods" name="get_Cart_items" time="1.428"/>
  <testcase classname="com.rest.GetMethods" name="get_Cart_using_CartID" time="1.543"/>
  <testcase classname="utils.AccessProperties" name="@BeforeSuite loadProperties" time="0.0">
    <ignored/>
  </testcase> <!-- @BeforeSuite loadProperties -->
  <testcase classname="com.rest.GetMethods" name="get_Product_Stock" time="0.0">
    <ignored/>
  </testcase> <!-- get_Product_Stock -->
  <testcase classname="com.rest.PostMethods" name="replace_item_inCart" time="0.0">
    <ignored/>
  </testcase> <!-- replace_item_inCart -->
  <testcase classname="com.rest.GetMethods" name="get_Orders_After_ItemAdded" time="0.0">
    <ignored/>
  </testcase> <!-- get_Orders_After_ItemAdded -->
  <testcase classname="com.rest.GetMethods" name="get_Orders_First" time="0.0">
    <ignored/>
  </testcase> <!-- get_Orders_First -->
  <testcase classname="com.rest.GetMethods" name="get_status" time="0.0">
    <ignored/>
  </testcase> <!-- get_status -->
  <testcase classname="com.rest.PostMethods" name="create_new_order" time="0.0">
    <ignored/>
  </testcase> <!-- create_new_order -->
  <testcase classname="com.rest.PostMethods" name="register_ExistingAPI_Client" time="0.0">
    <ignored/>
  </testcase> <!-- register_ExistingAPI_Client -->
  <testcase classname="com.rest.PostMethods" name="register_newAPI_Client" time="0.0">
    <ignored/>
  </testcase> <!-- register_newAPI_Client -->
  <testcase classname="com.rest.GetMethods" name="get_Product" time="0.0">
    <ignored/>
  </testcase> <!-- get_Product -->
</testsuite> <!-- Scenario1_test -->
